build/app/intermediates/manifest_merge_blame_file/debug/manifest-merger-blame-debug-report.txt
1<?xml version="1.0" encoding="utf-8"?>
2<manifest xmlns:android="http://schemas.android.com/apk/res/android"
3    package="com.example.trial_example"
4    android:versionCode="1"
5    android:versionName="1.0.0" >
6
7    <uses-sdk
8        android:minSdkVersion="16"
9        android:targetSdkVersion="30" />
10    <!--
11         Flutter needs it to communicate with the running application
12         to allow setting breakpoints, to provide hot reload, etc.
13    -->
14    <uses-permission android:name="android.permission.INTERNET" />
14-->src\debug\AndroidManifest.xml:6:5-66
14-->src\debug\AndroidManifest.xml:6:22-64
15    <uses-permission android:name="android.permission.READ_EXTERNAL_STORAGE" />
15-->[:image_picker] AndroidManifest.xml:7:5-80
15-->[:image_picker] AndroidManifest.xml:7:22-77
16    <uses-permission android:name="android.permission.WRITE_EXTERNAL_STORAGE" /> <!-- Although the *SdkVersion is captured in gradle build files, this is required for non gradle builds -->
16-->[:image_picker] AndroidManifest.xml:8:5-81
16-->[:image_picker] AndroidManifest.xml:8:22-78
17    <!-- <uses-sdk android:minSdkVersion="14"/> -->
18    <uses-permission android:name="android.permission.ACCESS_NETWORK_STATE" />
18-->[com.google.firebase:firebase-storage:19.2.0] AndroidManifest.xml:26:5-79
18-->[com.google.firebase:firebase-storage:19.2.0] AndroidManifest.xml:26:22-76
19    <uses-permission android:name="android.permission.WAKE_LOCK" />
19-->[com.google.android.gms:play-services-measurement:17.6.0] AndroidManifest.xml:25:5-68
19-->[com.google.android.gms:play-services-measurement:17.6.0] AndroidManifest.xml:25:22-65
20    <uses-permission android:name="com.google.android.finsky.permission.BIND_GET_INSTALL_REFERRER_SERVICE" />
20-->[com.google.android.gms:play-services-measurement:17.6.0] AndroidManifest.xml:26:5-110
20-->[com.google.android.gms:play-services-measurement:17.6.0] AndroidManifest.xml:26:22-107
21    <!--
22 io.flutter.app.FlutterApplication is an android.app.Application that
23         calls FlutterMain.startInitialization(this); in its onCreate method.
24         In most cases you can leave this as-is, but you if you want to provide
25         additional functionality it is fine to subclass or reimplement
26         FlutterApplication and put your custom class here.
27    -->
28    <!-- android:name="io.flutter.app.FlutterApplication" -->
29    <application
30        android:name="android.app.Application"
31        android:appComponentFactory="androidx.core.app.CoreComponentFactory"
31-->[androidx.core:core:1.6.0] AndroidManifest.xml:24:18-86
32        android:debuggable="true"
33        android:icon="@mipmap/ic_launcher"
34        android:label="trial_example"
35        android:supportsRtl="true" >
35-->[com.facebook.android:facebook-login:9.1.0] AndroidManifest.xml:28:18-44
36        <activity
37            android:name="com.example.trial_example.MainActivity"
38            android:configChanges="orientation|keyboardHidden|keyboard|screenSize|smallestScreenSize|locale|layoutDirection|fontScale|screenLayout|density|uiMode"
39            android:hardwareAccelerated="true"
40            android:launchMode="singleTop"
41            android:theme="@style/LaunchTheme"
42            android:windowSoftInputMode="adjustResize" >
43
44            <!--
45                 Specifies an Android theme to apply to this Activity as soon as
46                 the Android process has started. This theme is visible to the user
47                 while the Flutter UI initializes. After that, this theme continues
48                 to determine the Window background behind the Flutter UI.
49            -->
50            <meta-data
51                android:name="io.flutter.embedding.android.NormalTheme"
52                android:resource="@style/NormalTheme" />
53            <!--
54                 Displays an Android View that continues showing the launch screen
55                 Drawable until Flutter paints its first frame, then this splash
56                 screen fades out. A splash screen is useful to avoid any visual
57                 gap between the end of Android's launch screen and the painting of
58                 Flutter's first frame.
59            -->
60            <meta-data
61                android:name="io.flutter.embedding.android.SplashScreenDrawable"
62                android:resource="@drawable/launch_background" />
63
64            <intent-filter>
65                <action android:name="android.intent.action.MAIN" />
66
67                <category android:name="android.intent.category.LAUNCHER" />
68            </intent-filter>
69        </activity>
70        <!--
71             Don't delete the meta-data below.
72             This is used by the Flutter tool to generate GeneratedPluginRegistrant.java
73        -->
74        <meta-data
75            android:name="flutterEmbedding"
76            android:value="2" />
77
78        <service
78-->[:cloud_firestore] AndroidManifest.xml:8:9-12:19
79            android:name="com.google.firebase.components.ComponentDiscoveryService"
79-->[:cloud_firestore] AndroidManifest.xml:8:18-89
80            android:directBootAware="true"
80-->[com.google.firebase:firebase-common:19.3.1] AndroidManifest.xml:35:13-43
81            android:exported="false" >
81-->[com.google.firebase:firebase-storage:19.2.0] AndroidManifest.xml:32:13-37
82            <meta-data
82-->[:cloud_firestore] AndroidManifest.xml:9:13-11:85
83                android:name="com.google.firebase.components:io.flutter.plugins.firebase.firestore.FlutterFirebaseFirestoreRegistrar"
83-->[:cloud_firestore] AndroidManifest.xml:10:17-134
84                android:value="com.google.firebase.components.ComponentRegistrar" />
84-->[:cloud_firestore] AndroidManifest.xml:11:17-82
85            <meta-data
85-->[:firebase_auth] AndroidManifest.xml:9:13-11:85
86                android:name="com.google.firebase.components:io.flutter.plugins.firebase.auth.FlutterFirebaseAuthRegistrar"
86-->[:firebase_auth] AndroidManifest.xml:10:17-124
87                android:value="com.google.firebase.components.ComponentRegistrar" />
87-->[:firebase_auth] AndroidManifest.xml:11:17-82
88            <meta-data
88-->[:firebase_storage] AndroidManifest.xml:9:13-11:85
89                android:name="com.google.firebase.components:io.flutter.plugins.firebase.storage.FlutterFirebaseAppRegistrar"
89-->[:firebase_storage] AndroidManifest.xml:10:17-126
90                android:value="com.google.firebase.components.ComponentRegistrar" />
90-->[:firebase_storage] AndroidManifest.xml:11:17-82
91            <meta-data
91-->[:firebase_core] AndroidManifest.xml:9:13-11:85
92                android:name="com.google.firebase.components:io.flutter.plugins.firebase.core.FlutterFirebaseCoreRegistrar"
92-->[:firebase_core] AndroidManifest.xml:10:17-124
93                android:value="com.google.firebase.components.ComponentRegistrar" />
93-->[:firebase_core] AndroidManifest.xml:11:17-82
94            <meta-data
94-->[com.google.firebase:firebase-storage:19.2.0] AndroidManifest.xml:33:13-35:85
95                android:name="com.google.firebase.components:com.google.firebase.storage.StorageRegistrar"
95-->[com.google.firebase:firebase-storage:19.2.0] AndroidManifest.xml:34:17-107
96                android:value="com.google.firebase.components.ComponentRegistrar" />
96-->[com.google.firebase:firebase-storage:19.2.0] AndroidManifest.xml:35:17-82
97            <meta-data
97-->[com.google.firebase:firebase-firestore:21.7.1] AndroidManifest.xml:20:13-22:85
98                android:name="com.google.firebase.components:com.google.firebase.firestore.FirestoreRegistrar"
98-->[com.google.firebase:firebase-firestore:21.7.1] AndroidManifest.xml:21:17-111
99                android:value="com.google.firebase.components.ComponentRegistrar" />
99-->[com.google.firebase:firebase-firestore:21.7.1] AndroidManifest.xml:22:17-82
100            <meta-data
100-->[com.google.firebase:firebase-auth:19.4.0] AndroidManifest.xml:36:13-38:85
101                android:name="com.google.firebase.components:com.google.firebase.auth.FirebaseAuthRegistrar"
101-->[com.google.firebase:firebase-auth:19.4.0] AndroidManifest.xml:37:17-109
102                android:value="com.google.firebase.components.ComponentRegistrar" />
102-->[com.google.firebase:firebase-auth:19.4.0] AndroidManifest.xml:38:17-82
103            <meta-data
103-->[com.google.android.gms:play-services-measurement-api:17.6.0] AndroidManifest.xml:30:13-32:85
104                android:name="com.google.firebase.components:com.google.firebase.analytics.connector.internal.AnalyticsConnectorRegistrar"
104-->[com.google.android.gms:play-services-measurement-api:17.6.0] AndroidManifest.xml:31:17-139
105                android:value="com.google.firebase.components.ComponentRegistrar" />
105-->[com.google.android.gms:play-services-measurement-api:17.6.0] AndroidManifest.xml:32:17-82
106            <meta-data
106-->[com.google.firebase:firebase-installations:16.3.2] AndroidManifest.xml:17:13-19:85
107                android:name="com.google.firebase.components:com.google.firebase.installations.FirebaseInstallationsRegistrar"
107-->[com.google.firebase:firebase-installations:16.3.2] AndroidManifest.xml:18:17-127
108                android:value="com.google.firebase.components.ComponentRegistrar" />
108-->[com.google.firebase:firebase-installations:16.3.2] AndroidManifest.xml:19:17-82
109        </service>
110
111        <provider
111-->[:image_picker] AndroidManifest.xml:11:9-19:20
112            android:name="io.flutter.plugins.imagepicker.ImagePickerFileProvider"
112-->[:image_picker] AndroidManifest.xml:12:13-82
113            android:authorities="com.example.trial_example.flutter.image_provider"
113-->[:image_picker] AndroidManifest.xml:13:13-74
114            android:exported="false"
114-->[:image_picker] AndroidManifest.xml:14:13-37
115            android:grantUriPermissions="true" >
115-->[:image_picker] AndroidManifest.xml:15:13-47
116            <meta-data
116-->[:image_picker] AndroidManifest.xml:16:13-18:75
117                android:name="android.support.FILE_PROVIDER_PATHS"
117-->[:image_picker] AndroidManifest.xml:17:17-67
118                android:resource="@xml/flutter_image_picker_file_paths" />
118-->[:image_picker] AndroidManifest.xml:18:17-72
119        </provider>
120
121        <activity
121-->[com.facebook.android:facebook-common:9.1.0] AndroidManifest.xml:30:9-33:66
122            android:name="com.facebook.FacebookActivity"
122-->[com.facebook.android:facebook-common:9.1.0] AndroidManifest.xml:31:13-57
123            android:configChanges="keyboard|keyboardHidden|screenLayout|screenSize|orientation"
123-->[com.facebook.android:facebook-common:9.1.0] AndroidManifest.xml:32:13-96
124            android:theme="@style/com_facebook_activity_theme" />
124-->[com.facebook.android:facebook-common:9.1.0] AndroidManifest.xml:33:13-63
125        <activity android:name="com.facebook.CustomTabMainActivity" />
125-->[com.facebook.android:facebook-common:9.1.0] AndroidManifest.xml:34:9-71
125-->[com.facebook.android:facebook-common:9.1.0] AndroidManifest.xml:34:19-68
126        <activity
126-->[com.facebook.android:facebook-common:9.1.0] AndroidManifest.xml:35:9-49:20
127            android:name="com.facebook.CustomTabActivity"
127-->[com.facebook.android:facebook-common:9.1.0] AndroidManifest.xml:36:13-58
128            android:exported="true" >
128-->[com.facebook.android:facebook-common:9.1.0] AndroidManifest.xml:37:13-36
129            <intent-filter>
129-->[com.facebook.android:facebook-common:9.1.0] AndroidManifest.xml:39:13-48:29
130                <action android:name="android.intent.action.VIEW" />
130-->[com.facebook.android:facebook-common:9.1.0] AndroidManifest.xml:40:17-69
130-->[com.facebook.android:facebook-common:9.1.0] AndroidManifest.xml:40:25-66
131
132                <category android:name="android.intent.category.DEFAULT" />
132-->[com.facebook.android:facebook-common:9.1.0] AndroidManifest.xml:42:17-76
132-->[com.facebook.android:facebook-common:9.1.0] AndroidManifest.xml:42:27-73
133                <category android:name="android.intent.category.BROWSABLE" />
133-->[com.facebook.android:facebook-common:9.1.0] AndroidManifest.xml:43:17-78
133-->[com.facebook.android:facebook-common:9.1.0] AndroidManifest.xml:43:27-75
134
135                <data
135-->[com.facebook.android:facebook-common:9.1.0] AndroidManifest.xml:45:17-47:50
136                    android:host="cct.com.example.trial_example"
136-->[com.facebook.android:facebook-common:9.1.0] AndroidManifest.xml:46:21-56
137                    android:scheme="fbconnect" />
137-->[com.facebook.android:facebook-common:9.1.0] AndroidManifest.xml:47:21-47
138            </intent-filter>
139        </activity>
140        <!--
141         The initialization ContentProvider will call FacebookSdk.sdkInitialize automatically
142         with the application context. This config is merged in with the host app's manifest,
143         but there can only be one provider with the same authority activated at any given
144         point; so if the end user has two or more different apps that use Facebook SDK, only the
145         first one will be able to use the provider. To work around this problem, we use the
146         following placeholder in the authority to identify each host application as if it was
147         a completely different provider.
148        -->
149        <provider
149-->[com.facebook.android:facebook-core:9.1.0] AndroidManifest.xml:39:9-42:40
150            android:name="com.facebook.internal.FacebookInitProvider"
150-->[com.facebook.android:facebook-core:9.1.0] AndroidManifest.xml:40:13-70
151            android:authorities="com.example.trial_example.FacebookInitProvider"
151-->[com.facebook.android:facebook-core:9.1.0] AndroidManifest.xml:41:13-72
152            android:exported="false" />
152-->[com.facebook.android:facebook-core:9.1.0] AndroidManifest.xml:42:13-37
153
154        <receiver
154-->[com.facebook.android:facebook-core:9.1.0] AndroidManifest.xml:44:9-50:20
155            android:name="com.facebook.CurrentAccessTokenExpirationBroadcastReceiver"
155-->[com.facebook.android:facebook-core:9.1.0] AndroidManifest.xml:45:13-86
156            android:exported="false" >
156-->[com.facebook.android:facebook-core:9.1.0] AndroidManifest.xml:46:13-37
157            <intent-filter>
157-->[com.facebook.android:facebook-core:9.1.0] AndroidManifest.xml:47:13-49:29
158                <action android:name="com.facebook.sdk.ACTION_CURRENT_ACCESS_TOKEN_CHANGED" />
158-->[com.facebook.android:facebook-core:9.1.0] AndroidManifest.xml:48:17-95
158-->[com.facebook.android:facebook-core:9.1.0] AndroidManifest.xml:48:25-92
159            </intent-filter>
160        </receiver>
161
162        <uses-library
162-->[androidx.window:window:1.0.0-beta04] AndroidManifest.xml:25:9-27:40
163            android:name="androidx.window.extensions"
163-->[androidx.window:window:1.0.0-beta04] AndroidManifest.xml:26:13-54
164            android:required="false" />
164-->[androidx.window:window:1.0.0-beta04] AndroidManifest.xml:27:13-37
165        <uses-library
165-->[androidx.window:window:1.0.0-beta04] AndroidManifest.xml:28:9-30:40
166            android:name="androidx.window.sidecar"
166-->[androidx.window:window:1.0.0-beta04] AndroidManifest.xml:29:13-51
167            android:required="false" />
167-->[androidx.window:window:1.0.0-beta04] AndroidManifest.xml:30:13-37
168
169        <activity
169-->[com.google.firebase:firebase-auth:19.4.0] AndroidManifest.xml:24:9-31:50
170            android:name="com.google.firebase.auth.internal.FederatedSignInActivity"
170-->[com.google.firebase:firebase-auth:19.4.0] AndroidManifest.xml:25:13-85
171            android:excludeFromRecents="true"
171-->[com.google.firebase:firebase-auth:19.4.0] AndroidManifest.xml:26:13-46
172            android:exported="true"
172-->[com.google.firebase:firebase-auth:19.4.0] AndroidManifest.xml:27:13-36
173            android:launchMode="singleTask"
173-->[com.google.firebase:firebase-auth:19.4.0] AndroidManifest.xml:28:13-44
174            android:permission="com.google.firebase.auth.api.gms.permission.LAUNCH_FEDERATED_SIGN_IN"
174-->[com.google.firebase:firebase-auth:19.4.0] AndroidManifest.xml:29:13-102
175            android:theme="@android:style/Theme.Translucent.NoTitleBar" />
175-->[com.google.firebase:firebase-auth:19.4.0] AndroidManifest.xml:30:13-72
176        <activity
176-->[com.google.android.gms:play-services-auth:16.0.1] AndroidManifest.xml:23:9-27:75
177            android:name="com.google.android.gms.auth.api.signin.internal.SignInHubActivity"
177-->[com.google.android.gms:play-services-auth:16.0.1] AndroidManifest.xml:24:13-93
178            android:excludeFromRecents="true"
178-->[com.google.android.gms:play-services-auth:16.0.1] AndroidManifest.xml:25:13-46
179            android:exported="false"
179-->[com.google.android.gms:play-services-auth:16.0.1] AndroidManifest.xml:26:13-37
180            android:theme="@android:style/Theme.Translucent.NoTitleBar" />
180-->[com.google.android.gms:play-services-auth:16.0.1] AndroidManifest.xml:27:13-72
181        <!--
182            Service handling Google Sign-In user revocation. For apps that do not integrate with
183            Google Sign-In, this service will never be started.
184        -->
185        <service
185-->[com.google.android.gms:play-services-auth:16.0.1] AndroidManifest.xml:33:9-36:110
186            android:name="com.google.android.gms.auth.api.signin.RevocationBoundService"
186-->[com.google.android.gms:play-services-auth:16.0.1] AndroidManifest.xml:34:13-89
187            android:exported="true"
187-->[com.google.android.gms:play-services-auth:16.0.1] AndroidManifest.xml:35:13-36
188            android:permission="com.google.android.gms.auth.api.signin.permission.REVOCATION_NOTIFICATION" />
188-->[com.google.android.gms:play-services-auth:16.0.1] AndroidManifest.xml:36:13-107
189
190        <activity
190-->[com.google.android.gms:play-services-base:17.1.0] AndroidManifest.xml:23:9-26:75
191            android:name="com.google.android.gms.common.api.GoogleApiActivity"
191-->[com.google.android.gms:play-services-base:17.1.0] AndroidManifest.xml:24:13-79
192            android:exported="false"
192-->[com.google.android.gms:play-services-base:17.1.0] AndroidManifest.xml:25:13-37
193            android:theme="@android:style/Theme.Translucent.NoTitleBar" />
193-->[com.google.android.gms:play-services-base:17.1.0] AndroidManifest.xml:26:13-72
194
195        <receiver
195-->[com.google.android.gms:play-services-measurement:17.6.0] AndroidManifest.xml:29:9-33:20
196            android:name="com.google.android.gms.measurement.AppMeasurementReceiver"
196-->[com.google.android.gms:play-services-measurement:17.6.0] AndroidManifest.xml:30:13-85
197            android:enabled="true"
197-->[com.google.android.gms:play-services-measurement:17.6.0] AndroidManifest.xml:31:13-35
198            android:exported="false" >
198-->[com.google.android.gms:play-services-measurement:17.6.0] AndroidManifest.xml:32:13-37
199        </receiver>
200
201        <service
201-->[com.google.android.gms:play-services-measurement:17.6.0] AndroidManifest.xml:35:9-38:40
202            android:name="com.google.android.gms.measurement.AppMeasurementService"
202-->[com.google.android.gms:play-services-measurement:17.6.0] AndroidManifest.xml:36:13-84
203            android:enabled="true"
203-->[com.google.android.gms:play-services-measurement:17.6.0] AndroidManifest.xml:37:13-35
204            android:exported="false" />
204-->[com.google.android.gms:play-services-measurement:17.6.0] AndroidManifest.xml:38:13-37
205        <service
205-->[com.google.android.gms:play-services-measurement:17.6.0] AndroidManifest.xml:39:9-43:72
206            android:name="com.google.android.gms.measurement.AppMeasurementJobService"
206-->[com.google.android.gms:play-services-measurement:17.6.0] AndroidManifest.xml:40:13-87
207            android:enabled="true"
207-->[com.google.android.gms:play-services-measurement:17.6.0] AndroidManifest.xml:41:13-35
208            android:exported="false"
208-->[com.google.android.gms:play-services-measurement:17.6.0] AndroidManifest.xml:42:13-37
209            android:permission="android.permission.BIND_JOB_SERVICE" />
209-->[com.google.android.gms:play-services-measurement:17.6.0] AndroidManifest.xml:43:13-69
210
211        <provider
211-->[com.google.firebase:firebase-common:19.3.1] AndroidManifest.xml:26:9-31:39
212            android:name="com.google.firebase.provider.FirebaseInitProvider"
212-->[com.google.firebase:firebase-common:19.3.1] AndroidManifest.xml:27:13-77
213            android:authorities="com.example.trial_example.firebaseinitprovider"
213-->[com.google.firebase:firebase-common:19.3.1] AndroidManifest.xml:28:13-72
214            android:directBootAware="true"
214-->[com.google.firebase:firebase-common:19.3.1] AndroidManifest.xml:29:13-43
215            android:exported="false"
215-->[com.google.firebase:firebase-common:19.3.1] AndroidManifest.xml:30:13-37
216            android:initOrder="100" />
216-->[com.google.firebase:firebase-common:19.3.1] AndroidManifest.xml:31:13-36
217
218        <meta-data
218-->[com.google.android.gms:play-services-basement:17.0.0] AndroidManifest.xml:23:9-25:69
219            android:name="com.google.android.gms.version"
219-->[com.google.android.gms:play-services-basement:17.0.0] AndroidManifest.xml:24:13-58
220            android:value="@integer/google_play_services_version" />
220-->[com.google.android.gms:play-services-basement:17.0.0] AndroidManifest.xml:25:13-66
221    </application>
222
223</manifest>